<?xml version="1.0" encoding="UTF-8" ?>

<testsuite failures="0" time="0.15" errors="0" skipped="0" tests="7" name="BasicTest">
  <testcase classname="BasicTest" name="tentaConectarUsuario" time="0.007">
      </testcase>
  <testcase classname="BasicTest" name="postaComentarios" time="0.012">
      </testcase>
  <testcase classname="BasicTest" name="testaTags" time="0.024">
      </testcase>
  <testcase classname="BasicTest" name="criaAnuncio" time="0.009">
      </testcase>
  <testcase classname="BasicTest" name="testeCompleto" time="0.074">
      </testcase>
  <testcase classname="BasicTest" name="criaEBuscaUsuario" time="0.006">
      </testcase>
  <testcase classname="BasicTest" name="verificaContadoresDosModelos" time="0.018">
      </testcase>
</testsuite>