<?xml version="1.0" encoding="UTF-8" ?>

<testsuite failures="0" time="0.088" errors="0" skipped="0" tests="8" name="BasicTest">
  <testcase classname="BasicTest" name="tentaConectarUsuario" time="0.004">
      </testcase>
  <testcase classname="BasicTest" name="postaComentarios" time="0.005">
      </testcase>
  <testcase classname="BasicTest" name="testaTags" time="0">
      </testcase>
  <testcase classname="BasicTest" name="criaAnuncio" time="0.016">
      </testcase>
  <testcase classname="BasicTest" name="testeCompleto" time="0.047">
      </testcase>
  <testcase classname="BasicTest" name="criaEBuscaUsuario" time="0">
      </testcase>
  <testcase classname="BasicTest" name="verificaContadoresDosModelos" time="0.016">
      </testcase>
  <testcase classname="BasicTest" name="testaFinalizarAnuncio" time="0">
      </testcase>
</testsuite>